[24-May-2018 17:59:13 UTC] PHP Parse error:  syntax error, unexpected 'list' (T_LIST), expecting identifier (T_STRING) in /home/ubuntu/workspace/api/src/ActiveCampaign/ACAPI.php on line 69
[24-May-2018 17:59:13 UTC] PHP Stack trace:
[24-May-2018 17:59:13 UTC] PHP   1. {main}() /home/ubuntu/workspace/api/src/contact/index.php:0
[24-May-2018 17:59:13 UTC] PHP   2. require() /home/ubuntu/workspace/api/src/contact/index.php:5
[24-May-2018 18:01:34 UTC] PHP Fatal error:  Class 'GuzzleHttp\Client' not found in /home/ubuntu/workspace/api/src/ActiveCampaign/Connector.php on line 18
[24-May-2018 18:01:34 UTC] PHP Stack trace:
[24-May-2018 18:01:34 UTC] PHP   1. {main}() /home/ubuntu/workspace/api/src/contact/index.php:0
[24-May-2018 18:01:34 UTC] PHP   2. require() /home/ubuntu/workspace/api/src/contact/index.php:5
[24-May-2018 18:01:34 UTC] PHP   3. AC\ACAPI::start() /home/ubuntu/workspace/api/src/contact/routes.php:9
[24-May-2018 18:01:34 UTC] PHP   4. AC\Connector->__construct() /home/ubuntu/workspace/api/src/ActiveCampaign/ACAPI.php:90
[24-May-2018 18:02:43 UTC] PHP Fatal error:  Uncaught exception 'PDOException' with message 'SQLSTATE[HY000] [1049] Unknown database 'test'' in /home/ubuntu/workspace/api/src/contact/index.php:12
Stack trace:
#0 /home/ubuntu/workspace/api/src/contact/index.php(12): PDO->__construct('mysql:host=127....', 'alesanchezr', '')
#1 {main}
  thrown in /home/ubuntu/workspace/api/src/contact/index.php on line 12
[24-May-2018 18:03:03 UTC] PHP Fatal error:  Uncaught exception 'PDOException' with message 'SQLSTATE[HY000] [1049] Unknown database 'test'' in /home/ubuntu/workspace/api/src/contact/index.php:12
Stack trace:
#0 /home/ubuntu/workspace/api/src/contact/index.php(12): PDO->__construct('mysql:host=127....', 'alesanchezr', '')
#1 {main}
  thrown in /home/ubuntu/workspace/api/src/contact/index.php on line 12
[24-May-2018 18:03:14 UTC] PHP Fatal error:  Uncaught exception 'PDOException' with message 'SQLSTATE[HY000] [1049] Unknown database 'test'' in /home/ubuntu/workspace/api/src/contact/index.php:12
Stack trace:
#0 /home/ubuntu/workspace/api/src/contact/index.php(12): PDO->__construct('mysql:host=127....', 'alesanchezr', '')
#1 {main}
  thrown in /home/ubuntu/workspace/api/src/contact/index.php on line 12
[24-May-2018 18:05:02 UTC] PHP Warning:  require(../../ActiveCampaign/ACAPI.php): failed to open stream: No such file or directory in /home/ubuntu/workspace/api/src/contact/routes.php on line 8
[24-May-2018 18:05:02 UTC] PHP Stack trace:
[24-May-2018 18:05:02 UTC] PHP   1. {main}() /home/ubuntu/workspace/api/src/contact/index.php:0
[24-May-2018 18:05:02 UTC] PHP   2. require() /home/ubuntu/workspace/api/src/contact/index.php:5
[24-May-2018 18:05:02 UTC] PHP Fatal error:  require(): Failed opening required '../../ActiveCampaign/ACAPI.php' (include_path='.:/usr/share/php:/usr/share/pear') in /home/ubuntu/workspace/api/src/contact/routes.php on line 8
[24-May-2018 18:05:02 UTC] PHP Stack trace:
[24-May-2018 18:05:02 UTC] PHP   1. {main}() /home/ubuntu/workspace/api/src/contact/index.php:0
[24-May-2018 18:05:02 UTC] PHP   2. require() /home/ubuntu/workspace/api/src/contact/index.php:5
[24-May-2018 18:09:36 UTC] PHP Fatal error:  Call to a member function event() on a non-object in /home/ubuntu/workspace/api/src/contact/routes.php on line 17
[24-May-2018 18:09:36 UTC] PHP Stack trace:
[24-May-2018 18:09:36 UTC] PHP   1. {main}() /home/ubuntu/workspace/api/src/contact/index.php:0
[24-May-2018 18:09:36 UTC] PHP   2. SlimAPI->run() /home/ubuntu/workspace/api/src/contact/index.php:19
[24-May-2018 18:09:36 UTC] PHP   3. Slim\App->run() /home/ubuntu/workspace/api/src/SlimAPI.php:128
[24-May-2018 18:09:36 UTC] PHP   4. Slim\App->process() /home/ubuntu/workspace/api/vendor/slim/slim/Slim/App.php:314
[24-May-2018 18:09:36 UTC] PHP   5. Slim\App->callMiddlewareStack() /home/ubuntu/workspace/api/vendor/slim/slim/Slim/App.php:406
[24-May-2018 18:09:36 UTC] PHP   6. Slim\App->__invoke() /home/ubuntu/workspace/api/vendor/slim/slim/Slim/MiddlewareAwareTrait.php:117
[24-May-2018 18:09:36 UTC] PHP   7. Slim\Route->run() /home/ubuntu/workspace/api/vendor/slim/slim/Slim/App.php:513
[24-May-2018 18:09:36 UTC] PHP   8. Slim\Route->callMiddlewareStack() /home/ubuntu/workspace/api/vendor/slim/slim/Slim/Route.php:313
[24-May-2018 18:09:36 UTC] PHP   9. Slim\Route->__invoke() /home/ubuntu/workspace/api/vendor/slim/slim/Slim/MiddlewareAwareTrait.php:117
[24-May-2018 18:09:36 UTC] PHP  10. Slim\Handlers\Strategies\RequestResponse->__invoke() /home/ubuntu/workspace/api/vendor/slim/slim/Slim/Route.php:335
[24-May-2018 18:09:36 UTC] PHP  11. call_user_func:{/home/ubuntu/workspace/api/vendor/slim/slim/Slim/Handlers/Strategies/RequestResponse.php:41}() /home/ubuntu/workspace/api/vendor/slim/slim/Slim/Handlers/Strategies/RequestResponse.php:41
[24-May-2018 18:09:36 UTC] PHP  12. Closure->{closure:/home/ubuntu/workspace/api/src/contact/routes.php:15-24}() /home/ubuntu/workspace/api/vendor/slim/slim/Slim/Handlers/Strategies/RequestResponse.php:41
[24-May-2018 18:11:33 UTC] PHP Fatal error:  Call to a member function contact() on a non-object in /home/ubuntu/workspace/api/src/contact/routes.php on line 17
[24-May-2018 18:11:33 UTC] PHP Stack trace:
[24-May-2018 18:11:33 UTC] PHP   1. {main}() /home/ubuntu/workspace/api/src/contact/index.php:0
[24-May-2018 18:11:33 UTC] PHP   2. SlimAPI->run() /home/ubuntu/workspace/api/src/contact/index.php:19
[24-May-2018 18:11:33 UTC] PHP   3. Slim\App->run() /home/ubuntu/workspace/api/src/SlimAPI.php:128
[24-May-2018 18:11:33 UTC] PHP   4. Slim\App->process() /home/ubuntu/workspace/api/vendor/slim/slim/Slim/App.php:314
[24-May-2018 18:11:33 UTC] PHP   5. Slim\App->callMiddlewareStack() /home/ubuntu/workspace/api/vendor/slim/slim/Slim/App.php:406
[24-May-2018 18:11:33 UTC] PHP   6. Slim\App->__invoke() /home/ubuntu/workspace/api/vendor/slim/slim/Slim/MiddlewareAwareTrait.php:117
[24-May-2018 18:11:33 UTC] PHP   7. Slim\Route->run() /home/ubuntu/workspace/api/vendor/slim/slim/Slim/App.php:513
[24-May-2018 18:11:33 UTC] PHP   8. Slim\Route->callMiddlewareStack() /home/ubuntu/workspace/api/vendor/slim/slim/Slim/Route.php:313
[24-May-2018 18:11:33 UTC] PHP   9. Slim\Route->__invoke() /home/ubuntu/workspace/api/vendor/slim/slim/Slim/MiddlewareAwareTrait.php:117
[24-May-2018 18:11:33 UTC] PHP  10. Slim\Handlers\Strategies\RequestResponse->__invoke() /home/ubuntu/workspace/api/vendor/slim/slim/Slim/Route.php:335
[24-May-2018 18:11:33 UTC] PHP  11. call_user_func:{/home/ubuntu/workspace/api/vendor/slim/slim/Slim/Handlers/Strategies/RequestResponse.php:41}() /home/ubuntu/workspace/api/vendor/slim/slim/Slim/Handlers/Strategies/RequestResponse.php:41
[24-May-2018 18:11:33 UTC] PHP  12. Closure->{closure:/home/ubuntu/workspace/api/src/contact/routes.php:15-24}() /home/ubuntu/workspace/api/vendor/slim/slim/Slim/Handlers/Strategies/RequestResponse.php:41
[07-Jun-2018 21:08:12 UTC] PHP Parse error:  syntax error, unexpected 'list' (T_LIST) in /home/ubuntu/workspace/api/src/contact/routes.php on line 77
[07-Jun-2018 21:08:12 UTC] PHP Stack trace:
[07-Jun-2018 21:08:12 UTC] PHP   1. {main}() /home/ubuntu/workspace/api/src/contact/index.php:0
[07-Jun-2018 21:12:18 UTC] PHP Parse error:  syntax error, unexpected 'list' (T_LIST) in /home/ubuntu/workspace/api/src/contact/routes.php on line 77
[07-Jun-2018 21:12:18 UTC] PHP Stack trace:
[07-Jun-2018 21:12:18 UTC] PHP   1. {main}() /home/ubuntu/workspace/api/src/contact/index.php:0
[07-Jun-2018 21:41:17 UTC] PHP Fatal error:  Call to a member function response() on a non-object in /home/ubuntu/workspace/api/src/contact/routes.php on line 24
[07-Jun-2018 21:41:17 UTC] PHP Stack trace:
[07-Jun-2018 21:41:17 UTC] PHP   1. {main}() /home/ubuntu/workspace/api/src/contact/index.php:0
[07-Jun-2018 21:41:17 UTC] PHP   2. SlimAPI->run() /home/ubuntu/workspace/api/src/contact/index.php:19
[07-Jun-2018 21:41:17 UTC] PHP   3. Slim\App->run() /home/ubuntu/workspace/api/src/SlimAPI.php:128
[07-Jun-2018 21:41:17 UTC] PHP   4. Slim\App->process() /home/ubuntu/workspace/api/vendor/slim/slim/Slim/App.php:314
[07-Jun-2018 21:41:17 UTC] PHP   5. Slim\App->callMiddlewareStack() /home/ubuntu/workspace/api/vendor/slim/slim/Slim/App.php:406
[07-Jun-2018 21:41:17 UTC] PHP   6. Slim\App->__invoke() /home/ubuntu/workspace/api/vendor/slim/slim/Slim/MiddlewareAwareTrait.php:117
[07-Jun-2018 21:41:17 UTC] PHP   7. Slim\Route->run() /home/ubuntu/workspace/api/vendor/slim/slim/Slim/App.php:513
[07-Jun-2018 21:41:17 UTC] PHP   8. Slim\Route->callMiddlewareStack() /home/ubuntu/workspace/api/vendor/slim/slim/Slim/Route.php:313
[07-Jun-2018 21:41:17 UTC] PHP   9. Slim\Route->__invoke() /home/ubuntu/workspace/api/vendor/slim/slim/Slim/MiddlewareAwareTrait.php:117
[07-Jun-2018 21:41:17 UTC] PHP  10. Slim\Handlers\Strategies\RequestResponse->__invoke() /home/ubuntu/workspace/api/vendor/slim/slim/Slim/Route.php:335
[07-Jun-2018 21:41:17 UTC] PHP  11. call_user_func:{/home/ubuntu/workspace/api/vendor/slim/slim/Slim/Handlers/Strategies/RequestResponse.php:41}() /home/ubuntu/workspace/api/vendor/slim/slim/Slim/Handlers/Strategies/RequestResponse.php:41
[07-Jun-2018 21:41:17 UTC] PHP  12. Closure->{closure:/home/ubuntu/workspace/api/src/contact/routes.php:20-28}() /home/ubuntu/workspace/api/vendor/slim/slim/Slim/Handlers/Strategies/RequestResponse.php:41
[07-Jun-2018 21:52:37 UTC] PHP Fatal error:  Class 'ACAPI' not found in /home/ubuntu/workspace/api/src/contact/routes.php on line 39
[07-Jun-2018 21:52:37 UTC] PHP Stack trace:
[07-Jun-2018 21:52:37 UTC] PHP   1. {main}() /home/ubuntu/workspace/api/src/contact/index.php:0
[07-Jun-2018 21:52:37 UTC] PHP   2. SlimAPI->run() /home/ubuntu/workspace/api/src/contact/index.php:19
[07-Jun-2018 21:52:37 UTC] PHP   3. Slim\App->run() /home/ubuntu/workspace/api/src/SlimAPI.php:128
[07-Jun-2018 21:52:37 UTC] PHP   4. Slim\App->process() /home/ubuntu/workspace/api/vendor/slim/slim/Slim/App.php:314
[07-Jun-2018 21:52:37 UTC] PHP   5. Slim\App->callMiddlewareStack() /home/ubuntu/workspace/api/vendor/slim/slim/Slim/App.php:406
[07-Jun-2018 21:52:37 UTC] PHP   6. Slim\App->__invoke() /home/ubuntu/workspace/api/vendor/slim/slim/Slim/MiddlewareAwareTrait.php:117
[07-Jun-2018 21:52:37 UTC] PHP   7. Slim\Route->run() /home/ubuntu/workspace/api/vendor/slim/slim/Slim/App.php:513
[07-Jun-2018 21:52:37 UTC] PHP   8. Slim\Route->callMiddlewareStack() /home/ubuntu/workspace/api/vendor/slim/slim/Slim/Route.php:313
[07-Jun-2018 21:52:37 UTC] PHP   9. Slim\Route->__invoke() /home/ubuntu/workspace/api/vendor/slim/slim/Slim/MiddlewareAwareTrait.php:117
[07-Jun-2018 21:52:37 UTC] PHP  10. Slim\Handlers\Strategies\RequestResponse->__invoke() /home/ubuntu/workspace/api/vendor/slim/slim/Slim/Route.php:335
[07-Jun-2018 21:52:37 UTC] PHP  11. call_user_func:{/home/ubuntu/workspace/api/vendor/slim/slim/Slim/Handlers/Strategies/RequestResponse.php:41}() /home/ubuntu/workspace/api/vendor/slim/slim/Slim/Handlers/Strategies/RequestResponse.php:41
[07-Jun-2018 21:52:37 UTC] PHP  12. Closure->{closure:/home/ubuntu/workspace/api/src/contact/routes.php:29-50}() /home/ubuntu/workspace/api/vendor/slim/slim/Slim/Handlers/Strategies/RequestResponse.php:41
[08-Jun-2018 15:25:31 UTC] PHP Fatal error:  Call to a member function createRow() on a non-object in /home/ubuntu/workspace/api/src/contact/routes.php on line 59
[08-Jun-2018 15:25:31 UTC] PHP Stack trace:
[08-Jun-2018 15:25:31 UTC] PHP   1. {main}() /home/ubuntu/workspace/api/src/contact/index.php:0
[08-Jun-2018 15:25:31 UTC] PHP   2. SlimAPI->run() /home/ubuntu/workspace/api/src/contact/index.php:19
[08-Jun-2018 15:25:31 UTC] PHP   3. Slim\App->run() /home/ubuntu/workspace/api/src/SlimAPI.php:128
[08-Jun-2018 15:25:31 UTC] PHP   4. Slim\App->process() /home/ubuntu/workspace/api/vendor/slim/slim/Slim/App.php:314
[08-Jun-2018 15:25:31 UTC] PHP   5. Slim\App->callMiddlewareStack() /home/ubuntu/workspace/api/vendor/slim/slim/Slim/App.php:406
[08-Jun-2018 15:25:31 UTC] PHP   6. Slim\App->__invoke() /home/ubuntu/workspace/api/vendor/slim/slim/Slim/MiddlewareAwareTrait.php:117
[08-Jun-2018 15:25:31 UTC] PHP   7. Slim\Route->run() /home/ubuntu/workspace/api/vendor/slim/slim/Slim/App.php:513
[08-Jun-2018 15:25:31 UTC] PHP   8. Slim\Route->callMiddlewareStack() /home/ubuntu/workspace/api/vendor/slim/slim/Slim/Route.php:313
[08-Jun-2018 15:25:31 UTC] PHP   9. Slim\Route->__invoke() /home/ubuntu/workspace/api/vendor/slim/slim/Slim/MiddlewareAwareTrait.php:117
[08-Jun-2018 15:25:31 UTC] PHP  10. Slim\Handlers\Strategies\RequestResponse->__invoke() /home/ubuntu/workspace/api/vendor/slim/slim/Slim/Route.php:335
[08-Jun-2018 15:25:31 UTC] PHP  11. call_user_func:{/home/ubuntu/workspace/api/vendor/slim/slim/Slim/Handlers/Strategies/RequestResponse.php:41}() /home/ubuntu/workspace/api/vendor/slim/slim/Slim/Handlers/Strategies/RequestResponse.php:41
[08-Jun-2018 15:25:31 UTC] PHP  12. Closure->{closure:/home/ubuntu/workspace/api/src/contact/routes.php:29-62}() /home/ubuntu/workspace/api/vendor/slim/slim/Slim/Handlers/Strategies/RequestResponse.php:41
[08-Jun-2018 15:41:44 UTC] PHP Fatal error:  Call to a member function createRow() on a non-object in /home/ubuntu/workspace/api/src/contact/routes.php on line 63
[08-Jun-2018 15:41:44 UTC] PHP Stack trace:
[08-Jun-2018 15:41:44 UTC] PHP   1. {main}() /home/ubuntu/workspace/api/src/contact/index.php:0
[08-Jun-2018 15:41:44 UTC] PHP   2. SlimAPI->run() /home/ubuntu/workspace/api/src/contact/index.php:19
[08-Jun-2018 15:41:44 UTC] PHP   3. Slim\App->run() /home/ubuntu/workspace/api/src/SlimAPI.php:128
[08-Jun-2018 15:41:44 UTC] PHP   4. Slim\App->process() /home/ubuntu/workspace/api/vendor/slim/slim/Slim/App.php:314
[08-Jun-2018 15:41:44 UTC] PHP   5. Slim\App->callMiddlewareStack() /home/ubuntu/workspace/api/vendor/slim/slim/Slim/App.php:406
[08-Jun-2018 15:41:44 UTC] PHP   6. Slim\App->__invoke() /home/ubuntu/workspace/api/vendor/slim/slim/Slim/MiddlewareAwareTrait.php:117
[08-Jun-2018 15:41:44 UTC] PHP   7. Slim\Route->run() /home/ubuntu/workspace/api/vendor/slim/slim/Slim/App.php:513
[08-Jun-2018 15:41:44 UTC] PHP   8. Slim\Route->callMiddlewareStack() /home/ubuntu/workspace/api/vendor/slim/slim/Slim/Route.php:313
[08-Jun-2018 15:41:44 UTC] PHP   9. Slim\Route->__invoke() /home/ubuntu/workspace/api/vendor/slim/slim/Slim/MiddlewareAwareTrait.php:117
[08-Jun-2018 15:41:44 UTC] PHP  10. Slim\Handlers\Strategies\RequestResponse->__invoke() /home/ubuntu/workspace/api/vendor/slim/slim/Slim/Route.php:335
[08-Jun-2018 15:41:44 UTC] PHP  11. call_user_func:{/home/ubuntu/workspace/api/vendor/slim/slim/Slim/Handlers/Strategies/RequestResponse.php:41}() /home/ubuntu/workspace/api/vendor/slim/slim/Slim/Handlers/Strategies/RequestResponse.php:41
[08-Jun-2018 15:41:44 UTC] PHP  12. Closure->{closure:/home/ubuntu/workspace/api/src/contact/routes.php:29-67}() /home/ubuntu/workspace/api/vendor/slim/slim/Slim/Handlers/Strategies/RequestResponse.php:41
